<?xml version="1.0" encoding="utf-8"?>
<posts>
	<!-- These test cases taken from the Christianity Stack Exchange archive and used under the CC-BY-SA 3.0 license https://archive.org/download/stackexchange/ -->

	<!-- A post which won't be indexed -->
	<row Id="4" PostTypeId="1" AcceptedAnswerId="9" CreationDate="2011-08-23T18:45:39.270" Score="45" ViewCount="20570" Body="&lt;p&gt;When did most Christians (possibly excluding exceptions such as Seventh Day Adventists) and Jews start celebrating Sabbath on different days of the week and why? &lt;/p&gt;&#xA;" OwnerUserId="5" LastEditorUserId="5" LastEditDate="2012-11-13T21:01:34.103" LastActivityDate="2015-02-12T21:52:19.463" Title="Why does Judaism celebrate Sabbath on Saturday and most Christians celebrate Sabbath on Sunday?" Tags="&lt;judaism&gt;&lt;sabbath&gt;" AnswerCount="11" CommentCount="2" FavoriteCount="4" />

	<!-- And a simple post which will -->
	<row Id="75" PostTypeId="1" AcceptedAnswerId="214" CreationDate="2011-08-23T20:57:35.260" Score="11" ViewCount="972" Body="&lt;p&gt;The &lt;a href=&quot;http://en.wikipedia.org/wiki/Gap_creationism&quot;&gt;Gap theory&lt;/a&gt; seems to be based largely on translating Genesis 1:2 differently from the usual translations, eg. KJV:&lt;/p&gt;&#xA;&#xA;&lt;blockquote&gt;&#xA;  &lt;p&gt;1:1 In the beginning God created the heaven and the earth.&lt;/p&gt;&#xA;  &#xA;  &lt;p&gt;1:2 And the earth &lt;strike&gt;was&lt;/strike&gt; &lt;code&gt;became&lt;/code&gt; without form, and void; and darkness was upon the face of the deep. And the Spirit of God moved upon the face of the waters.&lt;/p&gt;&#xA;&lt;/blockquote&gt;&#xA;&#xA;&lt;p&gt;Is this a sound translation? Why is &lt;code&gt;was&lt;/code&gt; the more usual one?&lt;/p&gt;&#xA;" OwnerUserId="60" LastEditorUserId="97" LastEditDate="2011-08-25T03:14:55.273" LastActivityDate="2013-12-15T17:52:20.417" Title="Should Genesis 1:2 be translated &quot;And the earth became without form...&quot;?" Tags="&lt;bible&gt;&lt;translation&gt;&lt;genesis&gt;&lt;creation&gt;" AnswerCount="3" CommentCount="0" FavoriteCount="0" ClosedDate="2015-10-05T06:38:35.030" />

	<!-- Check reversify works -->
	<row Id="1010" PostTypeId="1" Title="Reversify plugin" Body="3 John 13-14 KJV, 3 John 12-14 NIV, Joel 3 NABRE" Tags=""/>

	<!-- Check the URL translation extractor works -->
	<row Id="1000" PostTypeId="1" Title="URL translation extractor" Body="&lt;a href=&quot;http://www.blueletterbible.org/Bible.cfm?b=3jo&amp;c=1&amp;v=13&amp;t=KJV&quot;&gt;3 John 13-14&lt;/a&gt;, &lt;a href=&quot;https://www.blueletterbible.org/kjv/3jo/1/13/t_conc_1166013&quot;&gt;3 John 12-14&lt;/a&gt;, &lt;a href=&quot;https://www.biblegateway.com/passage/?search=joel+3&amp;version=NABRE&quot;&gt;Joel 3&lt;/a&gt;" Tags=""/>
	<row Id="1001" PostTypeId="1" Title="URLs must not cut off verses" Body="&lt;a href=&quot;http://taggedtanakh.org&quot; rel=&quot;nofollow&quot;&gt;Deut 5&lt;/a&gt;:17. &lt;a href=&quot;http://taggedtanakh.org&quot; rel=&quot;nofollow&quot;&gt;Exodus 20:&lt;/a&gt;13." Tags=""/>
	<row Id="1002" PostTypeId="1" Title="Support fancy dashes" Body="&lt;a href=&quot;http://www.mechon-mamre.org/p/pt/pt0433.htm&quot; rel=&quot;nofollow&quot;&gt;Numbers 33&lt;/a&gt;:1&ndash;49" Tags=""/>
	<row Id="1003" PostTypeId="1" Title="More odd formatting" Body="&lt;a href=&quot;http://jw.org&quot; rel=&quot;nofollow&quot;&gt;Gen. 21&lt;/a&gt;: 6. &lt;a href=&quot;http://jw.org&quot; rel=&quot;nofollow&quot;&gt;Gen. 22 : &lt;/a&gt; 6. &lt;a href=&quot;http://jw.org&quot; rel=&quot;nofollow&quot;&gt;Gen. 23 &lt;/a&gt; :  6- 7. &lt;a href=&quot;http://jw.org&quot; rel=&quot;nofollow&quot;&gt;Gen. 24 :7- &lt;/a&gt; 8. &lt;a href=&quot;http://jw.org&quot; rel=&quot;nofollow&quot;&gt;Gen. 25 &lt;/a&gt;: 7 - 26: 4. &lt;a href=&quot;http://jw.org&quot; rel=&quot;nofollow&quot;&gt;Gen. 26 &lt;/a&gt;.7 - 26.9. &lt;a href=&quot;http://jw.org&quot; rel=&quot;nofollow&quot;&gt;Gen. 27 &lt;/a&gt;. 9 is an example of" Tags=""/>
	<row Id="1004" PostTypeId="1" Title="Tricky links" Body="&lt;a href=&quot;http://www.chabad.org/library/bible_cdo/aid/16478&quot; rel=&quot;nofollow&quot;&gt;Esther 5&lt;/a&gt;:4&ndash;8 &lt;a href=&quot;http://www.mechon-mamre.org/p/pt/pt0410.htm#3&quot;&gt;Num. 10:3&lt;/a&gt;ff &lt;a href=&quot;http://www.mechon-mamre.org/p/pt/pt09a04.htm#11&quot;&gt;I Kings 4:11,&lt;/a&gt;&lt;a href=&quot;http://www.mechon-mamre.org/p/pt/pt09a04.htm#15&quot;&gt;15&lt;/a&gt; Exodus &lt;a href=&quot;http://mechon-mamre.org/i/t/t0221.htm&quot;&gt;21:1&lt;/a&gt; - &lt;a href=&quot;http://mechon-mamre.org/i/t/t0224.htm&quot;&gt;24:18&lt;/a&gt;" Tags=""/>
	<row Id="1005" PostTypeId="1" Title="Check the majority translation doesn't overule specified translations" Body="&lt;a href=&quot;http://www.blueletterbible.org/Bible.cfm?b=3jo&amp;c=1&amp;v=13&amp;t=KJV&quot;&gt;3 John 13-14&lt;/a&gt;, &lt;a href=&quot;https://www.blueletterbible.org/kjv/3jo/1/13/t_conc_1166013&quot;&gt;3 John 12-14&lt;/a&gt;, &lt;a href=&quot;https://www.biblegateway.com/passage/?search=joel+3&amp;version=NABRE&quot;&gt;Joel 3&lt;/a&gt; NABRE, Lev 5:21 NJPS" Tags=""/>

	<!-- A question and its mega answer -->
	<row Id="36360" PostTypeId="1" AcceptedAnswerId="36371" CreationDate="2015-01-13T02:00:07.980" Score="6" ViewCount="1166" Body="&lt;p&gt;In &lt;a href=&quot;http://www.blueletterbible.org/Bible.cfm?b=Mat&amp;amp;c=23&amp;amp;v=35&amp;amp;t=KJV#s=t_conc_952035&quot; rel=&quot;nofollow&quot;&gt;Matt. 23:35&lt;/a&gt;, it is written,&lt;/p&gt;&#xA;&#xA;&lt;blockquote&gt;&#xA;  &lt;p&gt;That upon you may come all the righteous blood shed upon the earth, from the blood of righteous Abel unto the blood of &lt;strong&gt;Zacharias son of Barachias&lt;/strong&gt;, whom ye slew between the temple and the altar. &lt;sup&gt;(KJV)&lt;/sup&gt;&lt;/p&gt;&#xA;  &#xA;  &lt;p&gt;ὅπως ἔλθῃ ἐφ᾽ ὑμᾶς πᾶν αἷμα δίκαιον ἐκχυνόμενον ἐπὶ τῆς γῆς ἀπὸ τοῦ αἵματος Ἅβελ τοῦ δικαίου ἕως τοῦ αἵματος &lt;strong&gt;Ζαχαρίου υἱοῦ Βαραχίου&lt;/strong&gt; ὃν ἐφονεύσατε μεταξὺ τοῦ ναοῦ καὶ τοῦ θυσιαστηρίου &lt;sup&gt;(TR, 1550)&lt;/sup&gt;&lt;/p&gt;&#xA;&lt;/blockquote&gt;&#xA;&#xA;&lt;ol&gt;&#xA;&lt;li&gt;Who was Zacharias son of Barachias? &lt;/li&gt;&#xA;&lt;li&gt;Is this event mentioned in the Bible or in any secular history?&lt;/li&gt;&#xA;&lt;/ol&gt;&#xA;" OwnerUserId="9485" LastEditorUserId="22238" LastEditDate="2016-01-02T01:28:23.343" LastActivityDate="2016-01-02T09:39:19.150" Title="Who was &quot;Zacharias son of Barachias&quot; in Matt. 23:35?" Tags="&lt;history&gt;&lt;gospel-of-matthew&gt;&lt;prophecy&gt;&lt;words-of-jesus&gt;" AnswerCount="3" CommentCount="2" />
	<row Id="36371" PostTypeId="2" ParentId="36360" CreationDate="2015-01-13T08:03:32.000" Score="8" Body="&lt;p&gt;&lt;strong&gt;Greek Text&lt;/strong&gt;&lt;/p&gt;&#xA;&#xA;&lt;blockquote&gt;&#xA;  &lt;p&gt;ὅπως ἔλθῃ ἐφ᾽ ὑμᾶς πᾶν αἷμα δίκαιον ἐκχυνόμενον ἐπὶ τῆς γῆς ἀπὸ τοῦ αἵματος Ἅβελ τοῦ δικαίου ἕως τοῦ αἵματος &lt;strong&gt;Ζαχαρίου υἱοῦ Βαραχίου&lt;/strong&gt; ὃν ἐφονεύσατε μεταξὺ τοῦ ναοῦ καὶ τοῦ θυσιαστηρίου (Textus Receptus)&lt;/p&gt;&#xA;&lt;/blockquote&gt;&#xA;&#xA;&lt;p&gt;&lt;strong&gt;Textual Variants&lt;/strong&gt;&lt;/p&gt;&#xA;&#xA;&lt;p&gt;According to Constantin Tischendorf's critical apparatus, the Codex Sinaiticus omits υἱοῦ Βαραχίου, but there are earlier witnesses who cite it, such as Irenaeus (~130-202 A.D.) and Origen (~182-254 A.D.).&lt;/p&gt;&#xA;&#xA;&lt;p&gt;&lt;strong&gt;Analysis of Names&lt;/strong&gt;&lt;/p&gt;&#xA;&#xA;&lt;p&gt;The name Ζαχαρίου υἱοῦ Βαραχίου is entirely declined in the genitive case. The nominative form of Ζαχαρίου is Ζαχαρίας, which is the Greek transliteration of the Hebrew name זְכַרְיָה (&lt;em&gt;Zekharyah&lt;/em&gt;)/ זְכַרְיָהוּ (&lt;em&gt;Zekharyahu&lt;/em&gt;).&lt;sup&gt;&lt;strong&gt;(1)&lt;/strong&gt;&lt;/sup&gt; As for the name Βαραχίου, its nominative form is Βαραχίας, which is the Greek transliteration of the Hebrew name בֶּרֶכְיָה (&lt;em&gt;Berekhyah&lt;/em&gt;)/בֶּרֶכְיָהוּ (&lt;em&gt;Berekhyahu&lt;/em&gt;).&lt;sup&gt;&lt;strong&gt;(2)&lt;/strong&gt;&lt;/sup&gt; Therefore, in the Hebrew Tanakh, we would be looking for an individual named זְכַרְיָה בֶּן בֶּרֶכְיָה (&lt;em&gt;Zekharyah ben Berekhyah&lt;/em&gt;), or in the Greek Septuagint, Ζαχαρίας υἱοῦ Βαραχίου.&lt;/p&gt;&#xA;&#xA;&lt;p&gt;&lt;strong&gt;Common Belief&lt;/strong&gt;&lt;/p&gt;&#xA;&#xA;&lt;p&gt;It is commonly believed that the person killed in Matt. 23:35 is misidentified by either the Lord Jesus Christ or the evangelist, or perhaps even a later scribe. Rather than Zechariah, the son of Berechiah, some believe the actual person who was killed was Zechariah, the son of Jehoiada (זְכַרְיָה בֶּן יְהוֹיָדָע), as this is the only Zechariah whose death matches the one mentioned in Matt. 23:35. For example, in &lt;a href=&quot;http://www.blueletterbible.org/Bible.cfm?b=2Ch&amp;amp;c=24&amp;amp;v=20&amp;amp;t=KJV#s=t_conc_391020&quot; rel=&quot;nofollow&quot;&gt;2 Chr. 24:20-22&lt;/a&gt;, it is written,&lt;/p&gt;&#xA;&#xA;&lt;blockquote&gt;&#xA;  &lt;p&gt;&lt;sup&gt;20&lt;/sup&gt; And the Spirit of God came upon Zechariah the son of Jehoiada the priest, which stood above the people, and said unto them, Thus saith God, Why transgress ye the commandments of the LORD, that ye cannot prosper? because ye have forsaken the LORD, he hath also forsaken you. &lt;sup&gt;21&lt;/sup&gt; And they conspired against him, and stoned him with stones at the commandment of the king in the court of the house of the LORD. &lt;sup&gt;22&lt;/sup&gt; Thus Joash the king remembered not the kindness which Jehoiada his father had done to him, but slew his son. And when he died, he said, The LORD look upon it, and require it. (KJV)&lt;/p&gt;&#xA;&lt;/blockquote&gt;&#xA;&#xA;&lt;p&gt;This individual's name was Zekharyah (זְכַרְיָה), and he was killed (stoned) in the &quot;house of Yahveh&quot; (בֵּית יַהְוֶה) another name for the Temple (cp. &lt;a href=&quot;http://www.blueletterbible.org/Bible.cfm?b=1Ki&amp;amp;c=6&amp;amp;v=1&amp;amp;t=KJV#s=t_conc_297001&quot; rel=&quot;nofollow&quot;&gt;1 Kings 6:1&lt;/a&gt;). The difficulty with this belief is that this Zechariah (&lt;em&gt;Zekharyah&lt;/em&gt;) was the son of Jehoiada (&lt;em&gt;Yehoyada&lt;/em&gt;), not Berechiah (&lt;em&gt;Berekhyah&lt;/em&gt;), therefore it doesn't appear to be the same person.&lt;/p&gt;&#xA;&#xA;&lt;p&gt;&lt;strong&gt;Option 1: Zechariah, the Father of John the Baptist&lt;/strong&gt;&lt;/p&gt;&#xA;&#xA;&lt;p&gt;An alternative belief is that the Zechariah in Matt. 23:35 is the father of John the Baptist (cp. &lt;a href=&quot;http://www.blueletterbible.org/Bible.cfm?b=Luk&amp;amp;c=1&amp;amp;v=5&amp;amp;t=KJV#s=t_conc_974005&quot; rel=&quot;nofollow&quot;&gt;Luke 1:5&lt;/a&gt;).&lt;sup&gt;&lt;strong&gt;(3)&lt;/strong&gt;&lt;/sup&gt; While the gospels never mention Zechariah's father's name, nor mention Zechariah being murdered in the Temple, some base their belief in this theory on a passage in the &lt;a href=&quot;http://www.earlychristianwritings.com/text/infancyjames-roberts.html&quot; rel=&quot;nofollow&quot;&gt;Gospel of James&lt;/a&gt;.&lt;sup&gt;&lt;strong&gt;(4)&lt;/strong&gt;&lt;/sup&gt;&lt;/p&gt;&#xA;&#xA;&lt;blockquote&gt;&#xA;  &lt;p&gt;But at the hour of the salutation the priests went away, and Zacharias did not come forth to meet them with a blessing, according to his custom. And the priests stood waiting for Zacharias to salute him at the prayer, and to glorify the Most High. And he still delaying, they were all afraid. But one of them ventured to go in, and he saw clotted blood beside the altar; and he heard a voice saying: Zacharias has been murdered, and his blood shall not be wiped up until his avenger come. And hearing this saying, he was afraid, and went out and told it to the priests. And they ventured in, and saw what had happened; and the fretwork of the temple made a wailing noise, and they rent their clothes from the top even to the bottom. And they found not his body, but they found his blood turned into stone. And they were afraid, and went out and reported to the people that Zacharias had been murdered. And all the tribes of the people heard, and mourned, and lamented for him three days and three nights. And after the three days, the priests consulted as to whom they should put in his place; and the lot fell upon Simeon. For it was he who had been warned by the Holy Spirit that he should not see death until he should see the Christ in the flesh. (Translation by Roberts-Donaldson)&lt;/p&gt;&#xA;&lt;/blockquote&gt;&#xA;&#xA;&lt;p&gt;Of course, the difficulty with this belief is the book itself is not canonical and essentially amounts to hearsay, although I believe the Greek Orthodox Church (and perhaps others) accepts the account therein.&lt;/p&gt;&#xA;&#xA;&lt;p&gt;&lt;strong&gt;Option 2: Zechariah, son of Baruch, in Josephus' &lt;em&gt;Wars of the Jews&lt;/em&gt;&lt;/strong&gt;&lt;/p&gt;&#xA;&#xA;&lt;p&gt;Others believe that the person mentioned in Matt. 23:35 is &quot;Zechariah, son of Baruch.&quot; The Jewish historian Josephus mentions him in his &lt;em&gt;Wars of the Jews&lt;/em&gt;.&lt;sup&gt;&lt;strong&gt;(5)&lt;/strong&gt;&lt;/sup&gt;&lt;/p&gt;&#xA;&#xA;&lt;blockquote&gt;&#xA;  &lt;p&gt;&lt;sup&gt;334&lt;/sup&gt; And now these zealots and Idumeans were quite weary of barely killing men, so they had the impudence of setting up fictitious tribunals and judicatures for that purpose; &lt;sup&gt;335&lt;/sup&gt; and as they intended to have &lt;strong&gt;Zacharias, the son of Baruch&lt;/strong&gt;, one of the most eminent of the citizens, slain,—so what provoked them against him was, that hatred of wickedness and love of liberty which were so eminent in him: he was also a rich man, so that by taking him off, they did not only hope to seize his effects, but also to get rid of a man that had great power to destroy them. &lt;sup&gt;336&lt;/sup&gt; So they called together, by a public proclamation, seventy of the principal men of the populace, for a show, as if they were real judges, while they had no proper authority. Before these was Zacharias accused of a design to betray their polity to the Romans, and having traitorously sent to Vespasian for that purpose. &lt;sup&gt;337&lt;/sup&gt; Now there appeared no proof or sign of what he was accused; but they affirmed themselves that they were well persuaded that so it was, and desired that such their affirmation might be taken for sufficient evidence. &lt;sup&gt;338&lt;/sup&gt; Now when Zacharias clearly saw that there was no way remaining for his escape from them, as having been treacherously called before them, and then put in prison, but not with any intention of a legal trial, he took great liberty of speech in that despair of life he was under. Accordingly he stood up, and laughed a their pretended accusation, and in a few words confuted the crimes laid to his charge; &lt;sup&gt;339&lt;/sup&gt; after which he turned his speech to his accusers, and went over distinctly all their transgressions of the law, and made heavy lamentations upon the confusion they had brought public affairs to: &lt;sup&gt;340&lt;/sup&gt; in the meantime the zealots grew tumultuous, and had much ado to abstain from drawing their swords, although they designed to preserve the appearance and show of judicature to the end. They were also desirous, on other accounts, to try the judges, whether they would be mindful of what was just at their own peril. &lt;sup&gt;341&lt;/sup&gt; Now the seventy judges brought in their verdict, that the person accused was not guilty,—as choosing rather to die themselves with him, than to have his death laid at their doors; &lt;sup&gt;342&lt;/sup&gt; hereupon there rose a great clamor of the zealots upon his acquittal, and they all had indignation at the judges, for not understanding that the authority that was given them was but in jest. &lt;sup&gt;343&lt;/sup&gt; &lt;strong&gt;So two of the boldest of them fell upon Zacharias in the middle of the temple, and slew him&lt;/strong&gt;; and as he fell down dead they bantered him, and said, “Thou hast also our verdict, and this will prove a more sure acquittal to thee than the other.” They also threw him down out of the temple immediately into the valley beneath it. &lt;/p&gt;&#xA;&lt;/blockquote&gt;&#xA;&#xA;&lt;p&gt;The difficulty with this belief is that the Lord Jesus Christ likely spoke those words (which the evangelist Matthew later wrote in his gospel) around 30 A.D., give or take a few years. Referring to Zechariah son of Berechiah, the Lord Jesus Christ told the Jews, &quot;...whom you &lt;strong&gt;killed&lt;/strong&gt;...&quot; (ὃν ἐφονεύσατε), past tense, referring to an event which had already happened. On the other hand, the Zechariah the son of Baruch mentioned by Josephus would have been killed approximately 35 years &lt;strong&gt;after&lt;/strong&gt; the Lord Jesus Christ died. One last note is that the Greek name of the person mentioned above is Ζαχαρίας υἱὸς &lt;strong&gt;Βάρεις&lt;/strong&gt;, which doesn't exactly match the name of the person in Matt. 23:35 (i.e., Βαραχίου).&lt;/p&gt;&#xA;&#xA;&lt;p&gt;&lt;strong&gt;Option 3: Common Belief is the Authentic Meaning&lt;/strong&gt;&lt;/p&gt;&#xA;&#xA;&lt;p&gt;So we return to Zechariah, the son of Jehoiada (זְכַרְיָה בֶּן יְהוֹיָדָע), whose death was described in &lt;a href=&quot;http://www.blueletterbible.org/Bible.cfm?b=2Ch&amp;amp;c=24&amp;amp;t=KJV#s=t_conc_391020&quot; rel=&quot;nofollow&quot;&gt;2 Chr. 24:20-22&lt;/a&gt;. In the LXX, his father's name is written (in the genitive) as Ιωδαε (&lt;a href=&quot;http://www.blueletterbible.org/Bible.cfm?b=2Ch&amp;amp;c=24&amp;amp;v=20&amp;amp;t=KJV#s=t_conc_391020&quot; rel=&quot;nofollow&quot;&gt;2 Chr. 24:20&lt;/a&gt;). But, in Matt. 23:35, the father of Zechariah is written as Βαραχίου.&lt;/p&gt;&#xA;&#xA;&lt;p&gt;In the Targum of Lam. 2:20, it is written,&lt;/p&gt;&#xA;&#xA;&lt;blockquote&gt;&#xA;  &lt;p&gt;See, O' Yahveh, and observe from heaven against whom you have turned. Thus is it right for the daughters of Israel to eat the fruit of their wombs due to starvation, the lovely boys wrapped in fine linen? The Attribute of Justice replied and thus said, &quot;Is it right to kill priest and prophet in the temple of Yahveh, as when you killed &lt;strong&gt;Zechariah son of Iddo&lt;/strong&gt;, the high priest and faithful prophet in the temple of Yahveh &lt;strong&gt;on the Day of Atonement&lt;/strong&gt; because he admonished you not to do evil before Yahveh?&quot;&lt;/p&gt;&#xA;  &#xA;  &lt;p&gt;חזי יהוה ותהי מסתכל מן שמיא למן אסתקיפתא כדנן אם חזי לבנתא דישראל למיכל פירי בטניהון עולימיא רגיגתא דהוו מלפפין בסדינין דמילתין ענת מידת דינא וכן אמרת אם חזי למקטל בבית מוקדשא דיהוה כהנא ונבייא כמה דקטלתון ית זכריה בר עדו כהנא רבא ונבייא מהימן בבית מוקדשא דיהוה ביומא דכפוריא על דאוכח יתכון דלא תעבדון דביש קדם יהוה&lt;/p&gt;&#xA;&lt;/blockquote&gt;&#xA;&#xA;&lt;p&gt;Now, one might think that this &quot;Zechariah son of Iddo&quot; (זכריה בר עדו) is the prophet Zechariah in &lt;a href=&quot;http://www.blueletterbible.org/Bible.cfm?b=Zec&amp;amp;c=1&amp;amp;v=1&amp;amp;t=KJV#s=t_conc_912001&quot; rel=&quot;nofollow&quot;&gt;Zec. 1:1&lt;/a&gt;. The Targum states that the people killed this high priest and prophet Zechariah son of Iddo on the Day of Atonement (&lt;em&gt;Yom Kippur&lt;/em&gt;). In his commentary on 2 Chr. 24:20 (recall that this is the verse that refers to Zechariah son of Jehoiada) Rashi wrote,&lt;/p&gt;&#xA;&#xA;&lt;blockquote&gt;&#xA;  &lt;p&gt;above the people - Higher than the people, in order to make his voice heard. In Lamentations Rabbah (&lt;em&gt;Eikha Rabbati&lt;/em&gt;), it is interpreted as meaning that he relied on himself; he was a prince higher than all the people, a prophet and a priest, &lt;strong&gt;and it was Yom Kippur&lt;/strong&gt;, and &lt;strong&gt;he was the king's son-in-law&lt;/strong&gt;, and he was not afraid to say the prophecy. Concerning this incident, it was stated (Lam. 2:20): &quot;shall priest and prophet be slain in the sanctuary of Yahveh?&quot;&lt;/p&gt;&#xA;  &#xA;  &lt;p&gt;מעל לעם - גבוה מכל העם כדי להשמיע קולו, ובאיכה רבתי דורש סמך על עצמו שהיה שר גבוה מכל העם נביא וכהן וביום הכפורים וחתן המלך ולא נתיירא מלומר נבואה ועל זה נאמר (איכה ב') אם יהרג במקדש ה' כהן ונביא ובמותו אמר ירא ה' וידרוש כי לא הרגוני אלא שאמרתי שליחותו של מקום ומאחר שנהרגתי עליו מן הדין והגון וכדי הוא שידרוש דמי וכן היה כי מיד נדרש דמו כי לתקופת השנה וגו&lt;/p&gt;&#xA;&lt;/blockquote&gt;&#xA;&#xA;&lt;p&gt;So, it seems that maybe &quot;Zechariah son of Iddo&quot; could be another name for Zechariah son of Jehoiada. The prophet Zechariah (&lt;a href=&quot;http://www.blueletterbible.org/Bible.cfm?b=Zec&amp;amp;c=1&amp;amp;t=KJV#s=t_conc_912001&quot; rel=&quot;nofollow&quot;&gt;Zec. 1:1&lt;/a&gt;) was not the son-in-law of a king, but Zechariah son of Jehoiada certainly was (&lt;a href=&quot;http://www.blueletterbible.org/Bible.cfm?b=2Ch&amp;amp;c=22&amp;amp;t=KJV#s=t_conc_389011&quot; rel=&quot;nofollow&quot;&gt;2 Chr. 22:11&lt;/a&gt;). This does not mean the prophet Zechariah (in the book of Zechariah) is Zechariah son of Jehoiada. They obviously lived in different times; so, this isn't a possibility. Rather, there was obviously a tradition that Zechariah son of Jehoiada (זְכַרְיָה בֶּן יְהוֹיָדָע) was also named Zechariah son of Iddo (זְכַרְיָה בֶּן עִדֹּו).&lt;/p&gt;&#xA;&#xA;&lt;p&gt;Now we turn to &lt;a href=&quot;http://www.blueletterbible.org/Bible.cfm?b=Isa&amp;amp;c=8&amp;amp;t=KJV#s=t_conc_687002&quot; rel=&quot;nofollow&quot;&gt;Isa. 8:2&lt;/a&gt;, in which it is written,&lt;/p&gt;&#xA;&#xA;&lt;blockquote&gt;&#xA;  &lt;p&gt;And I shall take faithful witnesses to witness for Me, Uriah the priest, and Zechariah the son of Jeberechiah.&lt;/p&gt;&#xA;&lt;/blockquote&gt;&#xA;&#xA;&lt;p&gt;Coincidentally, in the LXX, this &quot;Zechariah son of Jeberechiah&quot; has the same name as the Zechariah in Matt. 23:35.&lt;sup&gt;&lt;strong&gt;(6)&lt;/strong&gt;&lt;/sup&gt;&lt;/p&gt;&#xA;&#xA;&lt;p&gt;&lt;a href=&quot;https://archive.org/stream/horaehebraicaeet02lighuoft#page/306/mode/2up&quot; rel=&quot;nofollow&quot;&gt;John Lightfoot&lt;/a&gt; wrote,&lt;sup&gt;&lt;strong&gt;(7)&lt;/strong&gt;&lt;/sup&gt;&lt;/p&gt;&#xA;&#xA;&lt;blockquote&gt;&#xA;  &lt;p&gt;the difficulty under our hand is resolved, as I imagine, very clearly: and I suppose that Zechariah the son of Jeberechiah in Isaiah is the very same with our Zacharias the son of Jehoiada; and that the sense of Isaiah comes to this: in that and the foregoing chapter there is a discourse of the future destruction of Damascus, Samaria, and Judea. For a confirmation of the truth of this prophecy, God makes use of a double testimony: first, he commands the prophet Isaiah to write, over and over again, in a great volume, from the beginning to the end, &quot;To hasten the spoil, he hastened the prey&quot;: and this volume should be an undoubted testimony to them, that God would certainly bring on and hasten the forementioned spoiling and destruction. &quot;And moreover (saith God), I will raise up to myself two faithful martyrs,&quot; (or witnesses,) who shall testify and seal the same thing with their words and with their blood, namely, Uriah the priest, who shall hereafter be crowned with martyrdom for this very thing, Jeremiah 26:20,23, and Zechariah the son of Barachiah, or Jehoiada, who is lately already crowned: he [&lt;strong&gt;Zechariah&lt;/strong&gt;], the first martyr under the first Temple; this [&lt;strong&gt;Uriah&lt;/strong&gt;], the last. Hear, thou Jew, who taxest Matthew in this place: your own authors assert, that Uriah the priest is to be understood by that Uriah who was killed by Jehoiakim; and that truly. We also assert, that Zechariah the son of Jehoiadah is to be understood by Zechariah the son of Jeberechiah; and that Matthew and Christ do not at all innovate in this name of Barachias, but did only pronounce the same things concerning the father of the martyr Zacharias, which God himself had pronounced before them by the prophet Isaiah.&lt;/p&gt;&#xA;&lt;/blockquote&gt;&#xA;&#xA;&lt;p&gt;John Lightfoot subsequently includes answers to questions which he pre-empts on account of his interpretation and resolution of the verse. The reader is encouraged to read further on pp. &lt;a href=&quot;https://archive.org/stream/horaehebraicaeet02lighuoft#page/306/mode/2up&quot; rel=&quot;nofollow&quot;&gt;307-308&lt;/a&gt;.&lt;/p&gt;&#xA;&#xA;&lt;hr&gt;&#xA;&#xA;&lt;p&gt;&lt;strong&gt;Footnotes&lt;/strong&gt;&lt;/p&gt;&#xA;&#xA;&lt;p&gt;&lt;sup&gt;(1)&lt;/sup&gt; cp. &lt;a href=&quot;http://www.blueletterbible.org/Bible.cfm?b=2Ki&amp;amp;c=15&amp;amp;v=8&amp;amp;t=KJV#s=t_conc_328008&quot; rel=&quot;nofollow&quot;&gt;2 Kings 15:8&lt;/a&gt; LXX, where the Hebrew name זְכַרְיָהוּ (&lt;em&gt;Zekharyahu&lt;/em&gt;) is translated into Greek as Ζαχαριας (&lt;em&gt;Zacharias&lt;/em&gt;). To note, this is not the same individual mentioned in Matt. 23:35. It is only meant to demonstrate the Hebrew name of the person in Matt. 23:35, as it will obviously be necessary to investigate the Hebrew Tanakh and find such a person by the same name.&lt;/p&gt;&#xA;&#xA;&lt;p&gt;&lt;sup&gt;(2)&lt;/sup&gt; cp. &lt;a href=&quot;http://www.blueletterbible.org/Bible.cfm?b=2Ch&amp;amp;c=28&amp;amp;v=12&amp;amp;t=KJV#s=t_conc_395012&quot; rel=&quot;nofollow&quot;&gt;2 Chr. 28:12&lt;/a&gt; LXX, where the Hebrew name בֶּרֶכְיָהוּ (&lt;em&gt;Berekhyahu&lt;/em&gt;) is translated into Greek as Βαραχιας (&lt;em&gt;Barachias&lt;/em&gt;). Again, this is only meant to demonstrate the Hebrew name of the person in Matt. 23:35, not to imply that they are the same person.&lt;/p&gt;&#xA;&#xA;&lt;p&gt;&lt;sup&gt;(3)&lt;/sup&gt; While the King James Version spells his name as &quot;Zacharias,&quot; the Greek name is Ζαχαρίας, the same name found in Matt. 23:35. It's unfortunate, but sometimes the translators who produced the King James Version had a habit of transliterating the same Greek name differently into English for different individuals. &lt;/p&gt;&#xA;&#xA;&lt;p&gt;&lt;sup&gt;(4)&lt;/sup&gt; §24. Also known as the Protoevaneglium of James or the Infancy Gospel of James. This apocryphal book is dated to about 145 A.D.&lt;/p&gt;&#xA;&#xA;&lt;p&gt;&lt;sup&gt;(5)&lt;/sup&gt; Book 4, Chapter 5, §4, or Book 4, §§334-343. &lt;/p&gt;&#xA;&#xA;&lt;p&gt;&lt;sup&gt;(6)&lt;/sup&gt; The LXX has Ζαχαριαν υἱὸν Βαραχιου, which of course, Ζαχαριαν is the accusative declension of Ζαχαριας.&lt;/p&gt;&#xA;&#xA;&lt;p&gt;&lt;sup&gt;(7)&lt;/sup&gt; pp. 306-207&lt;/p&gt;&#xA;&#xA;&lt;p&gt;&lt;strong&gt;References&lt;/strong&gt;&lt;/p&gt;&#xA;&#xA;&lt;p&gt;Josephus, Flavius. &lt;em&gt;&lt;a href=&quot;http://www.earlyjewishwritings.com/text/josephus/war4.html&quot; rel=&quot;nofollow&quot;&gt;The Works of Josephus: Complete and Unabridged&lt;/a&gt;&lt;/em&gt;. Trans. Whiston, William. Peabody: Hendrickson, 1987.&lt;/p&gt;&#xA;&#xA;&lt;p&gt;Lightfoot, John. &lt;em&gt;&lt;a href=&quot;https://archive.org/details/horaehebraicaeet02lighuoft&quot; rel=&quot;nofollow&quot;&gt;Horae Hebraicae et Talmudicae&lt;/a&gt;&lt;/em&gt; (&lt;em&gt;Hebrew and Talmudical Exercitations&lt;/em&gt;). Trans. Gandell, Robert. Oxford: Oxford UP, 1859.&lt;/p&gt;&#xA;" OwnerUserId="900" LastEditorUserId="900" LastEditDate="2016-01-02T09:39:19.150" LastActivityDate="2016-01-02T09:39:19.150" CommentCount="1" />

	<!-- These tag wikis must be ignored -->
	<row Id="183" PostTypeId="5" CreationDate="2011-08-24T00:39:07.223" Score="0" Body="&lt;p&gt;History is crucial for understanding a lot of the Bible, such as the history of Israel, or the Roman Empire. But please use the &lt;a href=&quot;/questions/tagged/church-history&quot; class=&quot;post-tag&quot; title=&quot;show questions tagged &amp;#39;church-history&amp;#39;&quot; rel=&quot;tag&quot;&gt;church-history&lt;/a&gt; tag for questions about the history of the church and other major events since the completion of the New Testament. Please use the &lt;a href=&quot;/questions/tagged/origin&quot; class=&quot;post-tag&quot; title=&quot;show questions tagged &amp;#39;origin&amp;#39;&quot; rel=&quot;tag&quot;&gt;origin&lt;/a&gt; tag for questions about the origin of a term, belief or practice.&lt;/p&gt;&#xA;" OwnerUserId="6071" LastEditorUserId="6071" LastEditDate="2014-07-17T19:51:59.583" LastActivityDate="2014-07-17T19:51:59.583" CommentCount="0" />
	<row Id="184" PostTypeId="4" CreationDate="2011-08-24T00:39:07.223" Score="0" Body="History is crucial for understanding a lot of the Bible, such as the history of Israel, or the Roman Empire. But please use the church-history tag instead for questions about the history of the church since the NT was completed." OwnerUserId="65" LastEditorUserId="6071" LastEditDate="2014-09-29T13:44:57.300" LastActivityDate="2014-09-29T13:44:57.300" CommentCount="0" />
</posts>
